\BOOKMARK [0][-]{chapter.1}{General notes}{}% 1
\BOOKMARK [1][-]{section.1.1}{Program capabilities}{chapter.1}% 2
\BOOKMARK [1][-]{section.1.2}{Availability and used software}{chapter.1}% 3
\BOOKMARK [1][-]{section.1.3}{Acknowledgements}{chapter.1}% 4
\BOOKMARK [0][-]{chapter.2}{Program description}{}% 5
\BOOKMARK [1][-]{section.2.1}{Basic concepts}{chapter.2}% 6
\BOOKMARK [1][-]{section.2.2}{Input pulse and calculation grid}{chapter.2}% 7
\BOOKMARK [1][-]{section.2.3}{Optical layout and beam propagation}{chapter.2}% 8
\BOOKMARK [2][-]{subsection.2.3.1}{Components}{section.2.3}% 9
\BOOKMARK [2][-]{subsection.2.3.2}{Layout}{section.2.3}% 10
\BOOKMARK [2][-]{subsection.2.3.3}{Beam propagation}{section.2.3}% 11
\BOOKMARK [1][-]{section.2.4}{Active medium and amplification}{chapter.2}% 12
\BOOKMARK [1][-]{section.2.5}{Program output}{chapter.2}% 13
\BOOKMARK [0][-]{chapter.3}{Models}{}% 14
\BOOKMARK [1][-]{section.3.1}{Molecular dynamics}{chapter.3}% 15
\BOOKMARK [2][-]{subsection.3.1.1}{Pumping by electric discharge}{section.3.1}% 16
\BOOKMARK [2][-]{subsection.3.1.2}{Pumping and vibrational relaxation dynamics}{section.3.1}% 17
\BOOKMARK [2][-]{subsection.3.1.3}{Optical pumping}{section.3.1}% 18
\BOOKMARK [1][-]{section.3.2}{Amplification}{chapter.3}% 19
\BOOKMARK [2][-]{subsection.3.2.1}{Laser transitions}{section.3.2}% 20
\BOOKMARK [2][-]{subsection.3.2.2}{Main equations}{section.3.2}% 21
\BOOKMARK [2][-]{subsection.3.2.3}{Populations}{section.3.2}% 22
\BOOKMARK [1][-]{section.3.3}{Propagation}{chapter.3}% 23
\BOOKMARK [1][-]{section.3.4}{Optical elements}{chapter.3}% 24
\BOOKMARK [0][-]{section*.11}{Appendices}{}% 25
\BOOKMARK [0][-]{Appendix.1.A}{Cross-sections of excitation processes}{}% 26
\BOOKMARK [0][-]{Appendix.1.B}{Molecular constants}{}% 27
\BOOKMARK [0][-]{Appendix.1.C}{Properties of optical materials}{}% 28
\BOOKMARK [0][-]{Appendix.1.D}{Selected formulas explained}{}% 29
\BOOKMARK [0][-]{chapter*.21}{Bibliography}{}% 30
